CRITICAL - 2023-10-04 00:38:36 --> Invalid file: "include/content.php"
in SYSTEMPATH\Exceptions\FrameworkException.php on line 39.
 1 SYSTEMPATH\View\View.php(214): CodeIgniter\Exceptions\FrameworkException::forInvalidFile('include/content.php')
 2 SYSTEMPATH\View\View.php(467): CodeIgniter\View\View->render('include/content', null, true)
 3 APPPATH\Views\welcome_message.php(8): CodeIgniter\View\View->include('include/content')
 4 SYSTEMPATH\View\View.php(226): include('D:\\laragon\\www\\lab3\\app\\Views\\welcome_message.php')
 5 SYSTEMPATH\View\View.php(229): CodeIgniter\View\View->CodeIgniter\View\{closure}()
 6 SYSTEMPATH\Common.php(1188): CodeIgniter\View\View->render('welcome_message', [], true)
 7 APPPATH\Controllers\Home.php(9): view('welcome_message')
 8 SYSTEMPATH\CodeIgniter.php(919): App\Controllers\Home->index()
 9 SYSTEMPATH\CodeIgniter.php(494): CodeIgniter\CodeIgniter->runController(Object(App\Controllers\Home))
10 SYSTEMPATH\CodeIgniter.php(353): CodeIgniter\CodeIgniter->handleRequest(null, Object(Config\Cache), false)
11 FCPATH\index.php(79): CodeIgniter\CodeIgniter->run()
12 SYSTEMPATH\Commands\Server\rewrite.php(47): require_once('D:\\laragon\\www\\lab3\\public\\index.php')
CRITICAL - 2023-10-04 01:38:08 --> Invalid file: "how.php"
in SYSTEMPATH\Exceptions\FrameworkException.php on line 39.
 1 SYSTEMPATH\View\View.php(214): CodeIgniter\Exceptions\FrameworkException::forInvalidFile('how.php')
 2 SYSTEMPATH\Common.php(1188): CodeIgniter\View\View->render('how', [], true)
 3 APPPATH\Controllers\Home.php(29): view('how')
 4 SYSTEMPATH\CodeIgniter.php(919): App\Controllers\Home->how()
 5 SYSTEMPATH\CodeIgniter.php(494): CodeIgniter\CodeIgniter->runController(Object(App\Controllers\Home))
 6 SYSTEMPATH\CodeIgniter.php(353): CodeIgniter\CodeIgniter->handleRequest(null, Object(Config\Cache), false)
 7 FCPATH\index.php(79): CodeIgniter\CodeIgniter->run()
 8 SYSTEMPATH\Commands\Server\rewrite.php(47): require_once('D:\\laragon\\www\\lab3\\public\\index.php')
CRITICAL - 2023-10-04 01:38:19 --> Invalid file: "how.php"
in SYSTEMPATH\Exceptions\FrameworkException.php on line 39.
 1 SYSTEMPATH\View\View.php(214): CodeIgniter\Exceptions\FrameworkException::forInvalidFile('how.php')
 2 SYSTEMPATH\Common.php(1188): CodeIgniter\View\View->render('how', [], true)
 3 APPPATH\Controllers\Home.php(29): view('how')
 4 SYSTEMPATH\CodeIgniter.php(919): App\Controllers\Home->how()
 5 SYSTEMPATH\CodeIgniter.php(494): CodeIgniter\CodeIgniter->runController(Object(App\Controllers\Home))
 6 SYSTEMPATH\CodeIgniter.php(353): CodeIgniter\CodeIgniter->handleRequest(null, Object(Config\Cache), false)
 7 FCPATH\index.php(79): CodeIgniter\CodeIgniter->run()
 8 SYSTEMPATH\Commands\Server\rewrite.php(47): require_once('D:\\laragon\\www\\lab3\\public\\index.php')
CRITICAL - 2023-10-04 01:39:26 --> Invalid file: "how.php"
in SYSTEMPATH\Exceptions\FrameworkException.php on line 39.
 1 SYSTEMPATH\View\View.php(214): CodeIgniter\Exceptions\FrameworkException::forInvalidFile('how.php')
 2 SYSTEMPATH\Common.php(1188): CodeIgniter\View\View->render('how', [], true)
 3 APPPATH\Controllers\Home.php(29): view('how')
 4 SYSTEMPATH\CodeIgniter.php(919): App\Controllers\Home->how()
 5 SYSTEMPATH\CodeIgniter.php(494): CodeIgniter\CodeIgniter->runController(Object(App\Controllers\Home))
 6 SYSTEMPATH\CodeIgniter.php(353): CodeIgniter\CodeIgniter->handleRequest(null, Object(Config\Cache), false)
 7 FCPATH\index.php(79): CodeIgniter\CodeIgniter->run()
 8 SYSTEMPATH\Commands\Server\rewrite.php(47): require_once('D:\\laragon\\www\\lab3\\public\\index.php')
CRITICAL - 2023-10-04 01:39:47 --> Invalid file: "how.php"
in SYSTEMPATH\Exceptions\FrameworkException.php on line 39.
 1 SYSTEMPATH\View\View.php(214): CodeIgniter\Exceptions\FrameworkException::forInvalidFile('how.php')
 2 SYSTEMPATH\Common.php(1188): CodeIgniter\View\View->render('how', [], true)
 3 APPPATH\Controllers\Home.php(29): view('how')
 4 SYSTEMPATH\CodeIgniter.php(919): App\Controllers\Home->how()
 5 SYSTEMPATH\CodeIgniter.php(494): CodeIgniter\CodeIgniter->runController(Object(App\Controllers\Home))
 6 SYSTEMPATH\CodeIgniter.php(353): CodeIgniter\CodeIgniter->handleRequest(null, Object(Config\Cache), false)
 7 FCPATH\index.php(79): CodeIgniter\CodeIgniter->run()
 8 SYSTEMPATH\Commands\Server\rewrite.php(47): require_once('D:\\laragon\\www\\lab3\\public\\index.php')
CRITICAL - 2023-10-04 01:39:55 --> Invalid file: "how.php"
in SYSTEMPATH\Exceptions\FrameworkException.php on line 39.
 1 SYSTEMPATH\View\View.php(214): CodeIgniter\Exceptions\FrameworkException::forInvalidFile('how.php')
 2 SYSTEMPATH\Common.php(1188): CodeIgniter\View\View->render('how', [], true)
 3 APPPATH\Controllers\Home.php(29): view('how')
 4 SYSTEMPATH\CodeIgniter.php(919): App\Controllers\Home->how()
 5 SYSTEMPATH\CodeIgniter.php(494): CodeIgniter\CodeIgniter->runController(Object(App\Controllers\Home))
 6 SYSTEMPATH\CodeIgniter.php(353): CodeIgniter\CodeIgniter->handleRequest(null, Object(Config\Cache), false)
 7 FCPATH\index.php(79): CodeIgniter\CodeIgniter->run()
 8 SYSTEMPATH\Commands\Server\rewrite.php(47): require_once('D:\\laragon\\www\\lab3\\public\\index.php')
CRITICAL - 2023-10-04 01:40:30 --> Invalid file: "how.php"
in SYSTEMPATH\Exceptions\FrameworkException.php on line 39.
 1 SYSTEMPATH\View\View.php(214): CodeIgniter\Exceptions\FrameworkException::forInvalidFile('how.php')
 2 SYSTEMPATH\Common.php(1188): CodeIgniter\View\View->render('how', [], true)
 3 APPPATH\Controllers\Home.php(29): view('how')
 4 SYSTEMPATH\CodeIgniter.php(919): App\Controllers\Home->how()
 5 SYSTEMPATH\CodeIgniter.php(494): CodeIgniter\CodeIgniter->runController(Object(App\Controllers\Home))
 6 SYSTEMPATH\CodeIgniter.php(353): CodeIgniter\CodeIgniter->handleRequest(null, Object(Config\Cache), false)
 7 FCPATH\index.php(79): CodeIgniter\CodeIgniter->run()
 8 SYSTEMPATH\Commands\Server\rewrite.php(47): require_once('D:\\laragon\\www\\lab3\\public\\index.php')
CRITICAL - 2023-10-04 01:44:38 --> Invalid file: "how.php"
in SYSTEMPATH\Exceptions\FrameworkException.php on line 39.
 1 SYSTEMPATH\View\View.php(214): CodeIgniter\Exceptions\FrameworkException::forInvalidFile('how.php')
 2 SYSTEMPATH\Common.php(1188): CodeIgniter\View\View->render('how', [], true)
 3 APPPATH\Controllers\Home.php(29): view('how')
 4 SYSTEMPATH\CodeIgniter.php(919): App\Controllers\Home->how()
 5 SYSTEMPATH\CodeIgniter.php(494): CodeIgniter\CodeIgniter->runController(Object(App\Controllers\Home))
 6 SYSTEMPATH\CodeIgniter.php(353): CodeIgniter\CodeIgniter->handleRequest(null, Object(Config\Cache), false)
 7 FCPATH\index.php(79): CodeIgniter\CodeIgniter->run()
 8 SYSTEMPATH\Commands\Server\rewrite.php(47): require_once('D:\\laragon\\www\\lab3\\public\\index.php')
CRITICAL - 2023-10-04 01:47:29 --> Invalid file: "how.php"
in SYSTEMPATH\Exceptions\FrameworkException.php on line 39.
 1 SYSTEMPATH\View\View.php(214): CodeIgniter\Exceptions\FrameworkException::forInvalidFile('how.php')
 2 SYSTEMPATH\Common.php(1188): CodeIgniter\View\View->render('how', [], true)
 3 APPPATH\Controllers\Home.php(29): view('how')
 4 SYSTEMPATH\CodeIgniter.php(919): App\Controllers\Home->how()
 5 SYSTEMPATH\CodeIgniter.php(494): CodeIgniter\CodeIgniter->runController(Object(App\Controllers\Home))
 6 SYSTEMPATH\CodeIgniter.php(353): CodeIgniter\CodeIgniter->handleRequest(null, Object(Config\Cache), false)
 7 FCPATH\index.php(79): CodeIgniter\CodeIgniter->run()
 8 SYSTEMPATH\Commands\Server\rewrite.php(47): require_once('D:\\laragon\\www\\lab3\\public\\index.php')
CRITICAL - 2023-10-04 01:47:33 --> Invalid file: "how.php"
in SYSTEMPATH\Exceptions\FrameworkException.php on line 39.
 1 SYSTEMPATH\View\View.php(214): CodeIgniter\Exceptions\FrameworkException::forInvalidFile('how.php')
 2 SYSTEMPATH\Common.php(1188): CodeIgniter\View\View->render('how', [], true)
 3 APPPATH\Controllers\Home.php(29): view('how')
 4 SYSTEMPATH\CodeIgniter.php(919): App\Controllers\Home->how()
 5 SYSTEMPATH\CodeIgniter.php(494): CodeIgniter\CodeIgniter->runController(Object(App\Controllers\Home))
 6 SYSTEMPATH\CodeIgniter.php(353): CodeIgniter\CodeIgniter->handleRequest(null, Object(Config\Cache), false)
 7 FCPATH\index.php(79): CodeIgniter\CodeIgniter->run()
 8 SYSTEMPATH\Commands\Server\rewrite.php(47): require_once('D:\\laragon\\www\\lab3\\public\\index.php')
CRITICAL - 2023-10-04 02:37:43 --> Invalid file: "page/top.php"
in SYSTEMPATH\Exceptions\FrameworkException.php on line 39.
 1 SYSTEMPATH\View\View.php(214): CodeIgniter\Exceptions\FrameworkException::forInvalidFile('page/top.php')
 2 SYSTEMPATH\View\View.php(467): CodeIgniter\View\View->render('page/top', null, true)
 3 APPPATH\Views\landing.php(1): CodeIgniter\View\View->include('page/top')
 4 SYSTEMPATH\View\View.php(226): include('D:\\laragon\\www\\lab3\\app\\Views\\landing.php')
 5 SYSTEMPATH\View\View.php(229): CodeIgniter\View\View->CodeIgniter\View\{closure}()
 6 SYSTEMPATH\Common.php(1188): CodeIgniter\View\View->render('landing', [], true)
 7 APPPATH\Controllers\Home.php(14): view('landing')
 8 SYSTEMPATH\CodeIgniter.php(919): App\Controllers\Home->pages()
 9 SYSTEMPATH\CodeIgniter.php(494): CodeIgniter\CodeIgniter->runController(Object(App\Controllers\Home))
10 SYSTEMPATH\CodeIgniter.php(353): CodeIgniter\CodeIgniter->handleRequest(null, Object(Config\Cache), false)
11 FCPATH\index.php(79): CodeIgniter\CodeIgniter->run()
12 SYSTEMPATH\Commands\Server\rewrite.php(47): require_once('D:\\laragon\\www\\lab3\\public\\index.php')
CRITICAL - 2023-10-04 02:38:06 --> Invalid file: "page/top.php"
in SYSTEMPATH\Exceptions\FrameworkException.php on line 39.
 1 SYSTEMPATH\View\View.php(214): CodeIgniter\Exceptions\FrameworkException::forInvalidFile('page/top.php')
 2 SYSTEMPATH\View\View.php(467): CodeIgniter\View\View->render('page/top', null, true)
 3 APPPATH\Views\landing.php(1): CodeIgniter\View\View->include('page/top')
 4 SYSTEMPATH\View\View.php(226): include('D:\\laragon\\www\\lab3\\app\\Views\\landing.php')
 5 SYSTEMPATH\View\View.php(229): CodeIgniter\View\View->CodeIgniter\View\{closure}()
 6 SYSTEMPATH\Common.php(1188): CodeIgniter\View\View->render('landing', [], true)
 7 APPPATH\Controllers\Home.php(14): view('landing')
 8 SYSTEMPATH\CodeIgniter.php(919): App\Controllers\Home->pages()
 9 SYSTEMPATH\CodeIgniter.php(494): CodeIgniter\CodeIgniter->runController(Object(App\Controllers\Home))
10 SYSTEMPATH\CodeIgniter.php(353): CodeIgniter\CodeIgniter->handleRequest(null, Object(Config\Cache), false)
11 FCPATH\index.php(79): CodeIgniter\CodeIgniter->run()
12 SYSTEMPATH\Commands\Server\rewrite.php(47): require_once('D:\\laragon\\www\\lab3\\public\\index.php')
CRITICAL - 2023-10-04 02:38:11 --> Invalid file: "page/top.php"
in SYSTEMPATH\Exceptions\FrameworkException.php on line 39.
 1 SYSTEMPATH\View\View.php(214): CodeIgniter\Exceptions\FrameworkException::forInvalidFile('page/top.php')
 2 SYSTEMPATH\View\View.php(467): CodeIgniter\View\View->render('page/top', null, true)
 3 APPPATH\Views\landing.php(1): CodeIgniter\View\View->include('page/top')
 4 SYSTEMPATH\View\View.php(226): include('D:\\laragon\\www\\lab3\\app\\Views\\landing.php')
 5 SYSTEMPATH\View\View.php(229): CodeIgniter\View\View->CodeIgniter\View\{closure}()
 6 SYSTEMPATH\Common.php(1188): CodeIgniter\View\View->render('landing', [], true)
 7 APPPATH\Controllers\Home.php(14): view('landing')
 8 SYSTEMPATH\CodeIgniter.php(919): App\Controllers\Home->pages()
 9 SYSTEMPATH\CodeIgniter.php(494): CodeIgniter\CodeIgniter->runController(Object(App\Controllers\Home))
10 SYSTEMPATH\CodeIgniter.php(353): CodeIgniter\CodeIgniter->handleRequest(null, Object(Config\Cache), false)
11 FCPATH\index.php(79): CodeIgniter\CodeIgniter->run()
12 SYSTEMPATH\Commands\Server\rewrite.php(47): require_once('D:\\laragon\\www\\lab3\\public\\index.php')
CRITICAL - 2023-10-04 02:43:04 --> Invalid file: "page/about.php"
in SYSTEMPATH\Exceptions\FrameworkException.php on line 39.
 1 SYSTEMPATH\View\View.php(214): CodeIgniter\Exceptions\FrameworkException::forInvalidFile('page/about.php')
 2 SYSTEMPATH\Common.php(1188): CodeIgniter\View\View->render('page/about', [], true)
 3 APPPATH\Controllers\Home.php(14): view('page/about')
 4 SYSTEMPATH\CodeIgniter.php(919): App\Controllers\Home->about()
 5 SYSTEMPATH\CodeIgniter.php(494): CodeIgniter\CodeIgniter->runController(Object(App\Controllers\Home))
 6 SYSTEMPATH\CodeIgniter.php(353): CodeIgniter\CodeIgniter->handleRequest(null, Object(Config\Cache), false)
 7 FCPATH\index.php(79): CodeIgniter\CodeIgniter->run()
 8 SYSTEMPATH\Commands\Server\rewrite.php(47): require_once('D:\\laragon\\www\\lab3\\public\\index.php')
CRITICAL - 2023-10-04 02:43:39 --> Invalid file: "page/about.php"
in SYSTEMPATH\Exceptions\FrameworkException.php on line 39.
 1 SYSTEMPATH\View\View.php(214): CodeIgniter\Exceptions\FrameworkException::forInvalidFile('page/about.php')
 2 SYSTEMPATH\Common.php(1188): CodeIgniter\View\View->render('page/about', [], true)
 3 APPPATH\Controllers\Home.php(14): view('page/about')
 4 SYSTEMPATH\CodeIgniter.php(919): App\Controllers\Home->about()
 5 SYSTEMPATH\CodeIgniter.php(494): CodeIgniter\CodeIgniter->runController(Object(App\Controllers\Home))
 6 SYSTEMPATH\CodeIgniter.php(353): CodeIgniter\CodeIgniter->handleRequest(null, Object(Config\Cache), false)
 7 FCPATH\index.php(79): CodeIgniter\CodeIgniter->run()
 8 SYSTEMPATH\Commands\Server\rewrite.php(47): require_once('D:\\laragon\\www\\lab3\\public\\index.php')
CRITICAL - 2023-10-04 02:45:31 --> Invalid file: "page/about.php"
in SYSTEMPATH\Exceptions\FrameworkException.php on line 39.
 1 SYSTEMPATH\View\View.php(214): CodeIgniter\Exceptions\FrameworkException::forInvalidFile('page/about.php')
 2 SYSTEMPATH\Common.php(1188): CodeIgniter\View\View->render('page/about', [], true)
 3 APPPATH\Controllers\Home.php(14): view('page/about')
 4 SYSTEMPATH\CodeIgniter.php(919): App\Controllers\Home->about()
 5 SYSTEMPATH\CodeIgniter.php(494): CodeIgniter\CodeIgniter->runController(Object(App\Controllers\Home))
 6 SYSTEMPATH\CodeIgniter.php(353): CodeIgniter\CodeIgniter->handleRequest(null, Object(Config\Cache), false)
 7 FCPATH\index.php(79): CodeIgniter\CodeIgniter->run()
 8 SYSTEMPATH\Commands\Server\rewrite.php(47): require_once('D:\\laragon\\www\\lab3\\public\\index.php')
CRITICAL - 2023-10-04 02:45:33 --> Invalid file: "page/about.php"
in SYSTEMPATH\Exceptions\FrameworkException.php on line 39.
 1 SYSTEMPATH\View\View.php(214): CodeIgniter\Exceptions\FrameworkException::forInvalidFile('page/about.php')
 2 SYSTEMPATH\Common.php(1188): CodeIgniter\View\View->render('page/about', [], true)
 3 APPPATH\Controllers\Home.php(14): view('page/about')
 4 SYSTEMPATH\CodeIgniter.php(919): App\Controllers\Home->about()
 5 SYSTEMPATH\CodeIgniter.php(494): CodeIgniter\CodeIgniter->runController(Object(App\Controllers\Home))
 6 SYSTEMPATH\CodeIgniter.php(353): CodeIgniter\CodeIgniter->handleRequest(null, Object(Config\Cache), false)
 7 FCPATH\index.php(79): CodeIgniter\CodeIgniter->run()
 8 SYSTEMPATH\Commands\Server\rewrite.php(47): require_once('D:\\laragon\\www\\lab3\\public\\index.php')
CRITICAL - 2023-10-04 02:45:44 --> Invalid file: "page/about.php"
in SYSTEMPATH\Exceptions\FrameworkException.php on line 39.
 1 SYSTEMPATH\View\View.php(214): CodeIgniter\Exceptions\FrameworkException::forInvalidFile('page/about.php')
 2 SYSTEMPATH\Common.php(1188): CodeIgniter\View\View->render('page/about', [], true)
 3 APPPATH\Controllers\Home.php(14): view('page/about')
 4 SYSTEMPATH\CodeIgniter.php(919): App\Controllers\Home->about()
 5 SYSTEMPATH\CodeIgniter.php(494): CodeIgniter\CodeIgniter->runController(Object(App\Controllers\Home))
 6 SYSTEMPATH\CodeIgniter.php(353): CodeIgniter\CodeIgniter->handleRequest(null, Object(Config\Cache), false)
 7 FCPATH\index.php(79): CodeIgniter\CodeIgniter->run()
 8 SYSTEMPATH\Commands\Server\rewrite.php(47): require_once('D:\\laragon\\www\\lab3\\public\\index.php')
CRITICAL - 2023-10-04 02:45:46 --> Invalid file: "page/about.php"
in SYSTEMPATH\Exceptions\FrameworkException.php on line 39.
 1 SYSTEMPATH\View\View.php(214): CodeIgniter\Exceptions\FrameworkException::forInvalidFile('page/about.php')
 2 SYSTEMPATH\Common.php(1188): CodeIgniter\View\View->render('page/about', [], true)
 3 APPPATH\Controllers\Home.php(14): view('page/about')
 4 SYSTEMPATH\CodeIgniter.php(919): App\Controllers\Home->about()
 5 SYSTEMPATH\CodeIgniter.php(494): CodeIgniter\CodeIgniter->runController(Object(App\Controllers\Home))
 6 SYSTEMPATH\CodeIgniter.php(353): CodeIgniter\CodeIgniter->handleRequest(null, Object(Config\Cache), false)
 7 FCPATH\index.php(79): CodeIgniter\CodeIgniter->run()
 8 SYSTEMPATH\Commands\Server\rewrite.php(47): require_once('D:\\laragon\\www\\lab3\\public\\index.php')
CRITICAL - 2023-10-04 02:45:46 --> Invalid file: "page/about.php"
in SYSTEMPATH\Exceptions\FrameworkException.php on line 39.
 1 SYSTEMPATH\View\View.php(214): CodeIgniter\Exceptions\FrameworkException::forInvalidFile('page/about.php')
 2 SYSTEMPATH\Common.php(1188): CodeIgniter\View\View->render('page/about', [], true)
 3 APPPATH\Controllers\Home.php(14): view('page/about')
 4 SYSTEMPATH\CodeIgniter.php(919): App\Controllers\Home->about()
 5 SYSTEMPATH\CodeIgniter.php(494): CodeIgniter\CodeIgniter->runController(Object(App\Controllers\Home))
 6 SYSTEMPATH\CodeIgniter.php(353): CodeIgniter\CodeIgniter->handleRequest(null, Object(Config\Cache), false)
 7 FCPATH\index.php(79): CodeIgniter\CodeIgniter->run()
 8 SYSTEMPATH\Commands\Server\rewrite.php(47): require_once('D:\\laragon\\www\\lab3\\public\\index.php')
CRITICAL - 2023-10-04 11:59:01 --> Invalid file: "min.php"
in SYSTEMPATH\Exceptions\FrameworkException.php on line 39.
 1 SYSTEMPATH\View\View.php(214): CodeIgniter\Exceptions\FrameworkException::forInvalidFile('min.php')
 2 SYSTEMPATH\Common.php(1188): CodeIgniter\View\View->render('min', [], true)
 3 APPPATH\Controllers\Admincontrol.php(11): view('min')
 4 SYSTEMPATH\CodeIgniter.php(919): App\Controllers\Admincontrol->min()
 5 SYSTEMPATH\CodeIgniter.php(494): CodeIgniter\CodeIgniter->runController(Object(App\Controllers\Admincontrol))
 6 SYSTEMPATH\CodeIgniter.php(353): CodeIgniter\CodeIgniter->handleRequest(null, Object(Config\Cache), false)
 7 FCPATH\index.php(79): CodeIgniter\CodeIgniter->run()
 8 SYSTEMPATH\Commands\Server\rewrite.php(47): require_once('D:\\laragon\\www\\lab3\\public\\index.php')
